Using pre-set license
Built from '2022.3/staging' branch; Version is '2022.3.44f1 (c3ae09b9f03c) revision 12824073'; Using compiler version '192829333'; Build Type 'Release'
OS: 'Windows 11  (10.0.22631) 64bit Core' Language: 'en' Physical Memory: 3737 MB
BatchMode: 1, IsHumanControllingUs: 0, StartBugReporterOnCrash: 0, Is64bit: 1, IsPro: 1

COMMAND LINE ARGUMENTS:
C:\Program Files\Unity\Hub\Editor\2022.3.44f1\Editor\Unity.exe
-adb2
-batchMode
-noUpm
-name
AssetImportWorker0
-projectPath
C:/Users/lthoe/OneDrive/Documents/GitHub/Animation_2d_and_3d/Homework
-logFile
Logs/AssetImportWorker0.log
-srvPort
52579
Successfully changed project path to: C:/Users/lthoe/OneDrive/Documents/GitHub/Animation_2d_and_3d/Homework
C:/Users/lthoe/OneDrive/Documents/GitHub/Animation_2d_and_3d/Homework
[UnityMemory] Configuration Parameters - Can be set up in boot.config
    "memorysetup-bucket-allocator-granularity=16"
    "memorysetup-bucket-allocator-bucket-count=8"
    "memorysetup-bucket-allocator-block-size=33554432"
    "memorysetup-bucket-allocator-block-count=8"
    "memorysetup-main-allocator-block-size=16777216"
    "memorysetup-thread-allocator-block-size=16777216"
    "memorysetup-gfx-main-allocator-block-size=16777216"
    "memorysetup-gfx-thread-allocator-block-size=16777216"
    "memorysetup-cache-allocator-block-size=4194304"
    "memorysetup-typetree-allocator-block-size=2097152"
    "memorysetup-profiler-bucket-allocator-granularity=16"
    "memorysetup-profiler-bucket-allocator-bucket-count=8"
    "memorysetup-profiler-bucket-allocator-block-size=33554432"
    "memorysetup-profiler-bucket-allocator-block-count=8"
    "memorysetup-profiler-allocator-block-size=16777216"
    "memorysetup-profiler-editor-allocator-block-size=1048576"
    "memorysetup-temp-allocator-size-main=16777216"
    "memorysetup-job-temp-allocator-block-size=2097152"
    "memorysetup-job-temp-allocator-block-size-background=1048576"
    "memorysetup-job-temp-allocator-reduction-small-platforms=262144"
    "memorysetup-allocator-temp-initial-block-size-main=262144"
    "memorysetup-allocator-temp-initial-block-size-worker=262144"
    "memorysetup-temp-allocator-size-background-worker=32768"
    "memorysetup-temp-allocator-size-job-worker=262144"
    "memorysetup-temp-allocator-size-preload-manager=33554432"
    "memorysetup-temp-allocator-size-nav-mesh-worker=65536"
    "memorysetup-temp-allocator-size-audio-worker=65536"
    "memorysetup-temp-allocator-size-cloud-worker=32768"
    "memorysetup-temp-allocator-size-gi-baking-worker=262144"
    "memorysetup-temp-allocator-size-gfx=262144"
Player connection [8088]  Target information:

Player connection [8088]  * "[IP] 10.2.97.86 [Port] 0 [Flags] 2 [Guid] 2637160432 [EditorId] 2637160432 [Version] 1048832 [Id] WindowsEditor(7,LAPTOP-4T7TF4J9) [Debug] 1 [PackageName] WindowsEditor [ProjectName] Editor" 

Player connection [8088] Host joined multi-casting on [225.0.0.222:54997]...
Player connection [8088] Host joined alternative multi-casting on [225.0.0.222:34997]...
[PhysX] Initialized MultithreadedTaskDispatcher with 4 workers.
Refreshing native plugins compatible for Editor in 1098.93 ms, found 3 plugins.
Preloading 0 native plugins for Editor in 0.00 ms.
Initialize engine version: 2022.3.44f1 (c3ae09b9f03c)
[Subsystems] Discovering subsystems at path C:/Program Files/Unity/Hub/Editor/2022.3.44f1/Editor/Data/Resources/UnitySubsystems
[Subsystems] Discovering subsystems at path C:/Users/lthoe/OneDrive/Documents/GitHub/Animation_2d_and_3d/Homework/Assets
GfxDevice: creating device client; threaded=0; jobified=0
Direct3D:
    Version:  Direct3D 11.0 [level 11.1]
    Renderer: Intel(R) UHD Graphics 605 (ID=0x3184)
    Vendor:   Intel
    VRAM:     1868 MB
    Driver:   31.0.101.2121
Initialize mono
Mono path[0] = 'C:/Program Files/Unity/Hub/Editor/2022.3.44f1/Editor/Data/Managed'
Mono path[1] = 'C:/Program Files/Unity/Hub/Editor/2022.3.44f1/Editor/Data/MonoBleedingEdge/lib/mono/unityjit-win32'
Mono config path = 'C:/Program Files/Unity/Hub/Editor/2022.3.44f1/Editor/Data/MonoBleedingEdge/etc'
Using monoOptions --debugger-agent=transport=dt_socket,embedding=1,server=y,suspend=n,address=127.0.0.1:56492
Begin MonoManager ReloadAssembly
Registering precompiled unity dll's ...
Register platform support module: C:/Program Files/Unity/Hub/Editor/2022.3.44f1/Editor/Data/PlaybackEngines/WebGLSupport/UnityEditor.WebGL.Extensions.dll
Register platform support module: C:/Program Files/Unity/Hub/Editor/2022.3.44f1/Editor/Data/PlaybackEngines/WindowsStandaloneSupport/UnityEditor.WindowsStandalone.Extensions.dll
Registered in 0.656745 seconds.
- Loaded All Assemblies, in 10.709 seconds
Native extension for WindowsStandalone target not found
Native extension for WebGL target not found
Mono: successfully reloaded assembly
- Finished resetting the current domain, in 20.707 seconds
Domain Reload Profiling: 31434ms
	BeginReloadAssembly (4754ms)
		ExecutionOrderSort (1ms)
		DisableScriptedObjects (0ms)
		BackupInstance (0ms)
		ReleaseScriptingObjects (7ms)
		CreateAndSetChildDomain (31ms)
	RebuildCommonClasses (671ms)
	RebuildNativeTypeToScriptingClass (67ms)
	initialDomainReloadingComplete (1864ms)
	LoadAllAssembliesAndSetupDomain (3351ms)
		LoadAssemblies (4757ms)
		RebuildTransferFunctionScriptingTraits (0ms)
		AnalyzeDomain (3216ms)
			TypeCache.Refresh (3187ms)
				TypeCache.ScanAssembly (2905ms)
			ScanForSourceGeneratedMonoScriptInfo (6ms)
			ResolveRequiredComponents (17ms)
	FinalizeReload (20727ms)
		ReleaseScriptCaches (0ms)
		RebuildScriptCaches (0ms)
		SetupLoadedEditorAssemblies (17179ms)
			LogAssemblyErrors (0ms)
			InitializePlatformSupportModulesInManaged (1693ms)
			SetLoadedEditorAssemblies (321ms)
			RefreshPlugins (0ms)
			BeforeProcessingInitializeOnLoad (230ms)
			ProcessInitializeOnLoadAttributes (13173ms)
			ProcessInitializeOnLoadMethodAttributes (1612ms)
			AfterProcessingInitializeOnLoad (1ms)
			EditorAssembliesLoaded (149ms)
		ExecutionOrderSort2 (10ms)
		AwakeInstancesAfterBackupRestoration (0ms)
========================================================================
Worker process is ready to serve import requests
Caller must complete domain reload
Begin MonoManager ReloadAssembly
- Loaded All Assemblies, in 49.563 seconds
Native extension for WindowsStandalone target not found
Native extension for WebGL target not found
Package Manager log level set to [2]
[Package Manager] Server::EnsureServerProcessIsRunning -- launch failed, reason: Unity was launched with the -noUpm command-line argument
[Package Manager] UpmClient::Send -- Unable to send message (not connected to UPM process).
[Package Manager] Cannot connect to Unity Package Manager local server
Mono: successfully reloaded assembly
- Finished resetting the current domain, in 19.031 seconds
Domain Reload Profiling: 70213ms
	BeginReloadAssembly (15481ms)
		ExecutionOrderSort (3ms)
		DisableScriptedObjects (725ms)
		BackupInstance (0ms)
		ReleaseScriptingObjects (23ms)
		CreateAndSetChildDomain (4118ms)
	RebuildCommonClasses (3281ms)
	RebuildNativeTypeToScriptingClass (324ms)
	initialDomainReloadingComplete (7089ms)
	LoadAllAssembliesAndSetupDomain (24986ms)
		LoadAssemblies (16066ms)
		RebuildTransferFunctionScriptingTraits (0ms)
		AnalyzeDomain (11469ms)
			TypeCache.Refresh (10761ms)
				TypeCache.ScanAssembly (6570ms)
			ScanForSourceGeneratedMonoScriptInfo (381ms)
			ResolveRequiredComponents (304ms)
	FinalizeReload (19052ms)
		ReleaseScriptCaches (0ms)
		RebuildScriptCaches (0ms)
		SetupLoadedEditorAssemblies (14989ms)
			LogAssemblyErrors (0ms)
			InitializePlatformSupportModulesInManaged (116ms)
			SetLoadedEditorAssemblies (158ms)
			RefreshPlugins (0ms)
			BeforeProcessingInitializeOnLoad (2186ms)
			ProcessInitializeOnLoadAttributes (9717ms)
			ProcessInitializeOnLoadMethodAttributes (2689ms)
			AfterProcessingInitializeOnLoad (91ms)
			EditorAssembliesLoaded (32ms)
		ExecutionOrderSort2 (4ms)
		AwakeInstancesAfterBackupRestoration (187ms)
Launched and connected shader compiler UnityShaderCompiler.exe after 1.44 seconds
Refreshing native plugins compatible for Editor in 1609.55 ms, found 3 plugins.
Preloading 0 native plugins for Editor in 0.00 ms.
Unloading 3089 Unused Serialized files (Serialized files now loaded: 0)
Unloading 19 unused Assets / (54.5 KB). Loaded Objects now: 3555.
Memory consumption went from 117.9 MB to 117.8 MB.
Total: 462.524700 ms (FindLiveObjects: 26.757400 ms CreateObjectMapping: 0.977200 ms MarkObjects: 411.800600 ms  DeleteObjects: 22.982800 ms)

AssetImportParameters requested are different than current active one (requested -> active):
  custom:container-demuxer-ogg: 62fdf1f143b41e24485cea50d1cbac27 -> 
  custom:video-codec-MediaFoundation-h265: 746d11721c4dcdbdad8f713fa42b33f4 -> 
  custom:video-decoder-ogg-theora: a1e56fd34408186e4bbccfd4996cb3dc -> 
  custom:framework-win-MediaFoundation: 216162199b28c13a410421893ffa2e32 -> 
  custom:CustomObjectIndexerAttribute: 9a22284fe3817be447336de3de66b15e -> 
  custom:container-demuxer-webm: 4f35f7cbe854078d1ac9338744f61a02 -> 
  custom:container-muxer-webm: aa71ff27fc2769a1b78a27578f13a17b -> 
  custom:video-decoder-webm-vp8: 9c59270c3fd7afecdb556c50c9e8de78 -> 
  custom:SearchIndexIgnoredProperties: e643bd26f0fe6173181afceb89e7c659 -> 
  custom:AudioImporter_EditorPlatform: d09bf68614088b80899f8185d706f6e7 -> 
  custom:video-encoder-webm-vp8: eb34c28f22e8b96e1ab97ce403110664 -> 
  custom:audio-decoder-ogg-vorbis: bf7c407c2cedff20999df2af8eb42d56 -> 
  custom:audio-encoder-webm-vorbis: bf7c407c2cedff20999df2af8eb42d56 -> 
========================================================================
Received Import Request.
  Time since last request: 86352.589202 seconds.
  path: Assets/New Animation.anim
  artifactKey: Guid(ccc9cac4c4bd3874295130ab69f83c74) Importer(815301076,1909f56bfc062723c751e8b465ee728b)
Start importing Assets/New Animation.anim using Guid(ccc9cac4c4bd3874295130ab69f83c74) Importer(815301076,1909f56bfc062723c751e8b465ee728b) [PhysX] Initialized MultithreadedTaskDispatcher with 4 workers.
 -> (artifact id: '925747841c3a5e9957e75794f6978bdc') in 1.343363 seconds
Number of updated asset objects reloaded before import = 0
Number of asset objects unloaded after import = 1
========================================================================
Received Import Request.
  Time since last request: 0.004361 seconds.
  path: Assets/Dancing2.png
  artifactKey: Guid(6b9dc67c32a79e843ae4ce47b79ffd03) Importer(815301076,1909f56bfc062723c751e8b465ee728b)
Start importing Assets/Dancing2.png using Guid(6b9dc67c32a79e843ae4ce47b79ffd03) Importer(815301076,1909f56bfc062723c751e8b465ee728b) [PhysX] Initialized MultithreadedTaskDispatcher with 4 workers.
[PhysX] Initialized MultithreadedTaskDispatcher with 4 workers.
 -> (artifact id: '1e093df8d89a2784c4fc296dbdf8e035') in 5.688924 seconds
Number of updated asset objects reloaded before import = 0
Number of asset objects unloaded after import = 3
========================================================================
Received Import Request.
  Time since last request: 0.000097 seconds.
  path: Assets/Dancing3.png
  artifactKey: Guid(f20b0bad324a4c74398597b25cf6d7ba) Importer(815301076,1909f56bfc062723c751e8b465ee728b)
Start importing Assets/Dancing3.png using Guid(f20b0bad324a4c74398597b25cf6d7ba) Importer(815301076,1909f56bfc062723c751e8b465ee728b) [PhysX] Initialized MultithreadedTaskDispatcher with 4 workers.
[PhysX] Initialized MultithreadedTaskDispatcher with 4 workers.
 -> (artifact id: '106473ea24d2f7174df41634ac158314') in 0.361337 seconds
Number of updated asset objects reloaded before import = 0
Number of asset objects unloaded after import = 3
========================================================================
Received Import Request.
  Time since last request: 0.001629 seconds.
  path: Assets/Dancing5.png
  artifactKey: Guid(3761c855d03cfb4498f67fa632b90b0a) Importer(815301076,1909f56bfc062723c751e8b465ee728b)
Start importing Assets/Dancing5.png using Guid(3761c855d03cfb4498f67fa632b90b0a) Importer(815301076,1909f56bfc062723c751e8b465ee728b) [PhysX] Initialized MultithreadedTaskDispatcher with 4 workers.
[PhysX] Initialized MultithreadedTaskDispatcher with 4 workers.
 -> (artifact id: '347ca702d853ccaf4ffc975d3e289bac') in 0.146630 seconds
Number of updated asset objects reloaded before import = 0
Number of asset objects unloaded after import = 3
========================================================================
Received Import Request.
  Time since last request: 0.001081 seconds.
  path: Assets/Dancing1.png
  artifactKey: Guid(f52273a50db157b4cb204ba3c915fb89) Importer(815301076,1909f56bfc062723c751e8b465ee728b)
Start importing Assets/Dancing1.png using Guid(f52273a50db157b4cb204ba3c915fb89) Importer(815301076,1909f56bfc062723c751e8b465ee728b) [PhysX] Initialized MultithreadedTaskDispatcher with 4 workers.
[PhysX] Initialized MultithreadedTaskDispatcher with 4 workers.
 -> (artifact id: 'd67427e3ba31d6502d698d73311e7936') in 0.185496 seconds
Number of updated asset objects reloaded before import = 0
Number of asset objects unloaded after import = 3
========================================================================
Received Import Request.
  Time since last request: 0.000074 seconds.
  path: Assets/Dancing4.png
  artifactKey: Guid(9ae127983bf95b247903e1e145372a74) Importer(815301076,1909f56bfc062723c751e8b465ee728b)
Start importing Assets/Dancing4.png using Guid(9ae127983bf95b247903e1e145372a74) Importer(815301076,1909f56bfc062723c751e8b465ee728b) [PhysX] Initialized MultithreadedTaskDispatcher with 4 workers.
[PhysX] Initialized MultithreadedTaskDispatcher with 4 workers.
 -> (artifact id: '6ca974d78d5153a8033858268f8fc17c') in 0.519521 seconds
Number of updated asset objects reloaded before import = 0
Number of asset objects unloaded after import = 3
